2024-02-24 11:44:30,137[restartedMain]ERROR org.springframework.boot.SpringApplication - Application run failed
java.lang.IllegalStateException: java.lang.IllegalStateException: Logback configuration error detected: 
ERROR in ch.qos.logback.core.ConsoleAppender[Console] - No encoder set for the appender named "Console".
	at org.springframework.boot.context.logging.LoggingApplicationListener.initializeSystem(LoggingApplicationListener.java:347)
	at org.springframework.boot.context.logging.LoggingApplicationListener.initialize(LoggingApplicationListener.java:298)
	at org.springframework.boot.context.logging.LoggingApplicationListener.onApplicationEnvironmentPreparedEvent(LoggingApplicationListener.java:246)
	at org.springframework.boot.context.logging.LoggingApplicationListener.onApplicationEvent(LoggingApplicationListener.java:223)
	at org.springframework.context.event.SimpleApplicationEventMulticaster.doInvokeListener(SimpleApplicationEventMulticaster.java:185)
	at org.springframework.context.event.SimpleApplicationEventMulticaster.invokeListener(SimpleApplicationEventMulticaster.java:178)
	at org.springframework.context.event.SimpleApplicationEventMulticaster.multicastEvent(SimpleApplicationEventMulticaster.java:156)
	at org.springframework.context.event.SimpleApplicationEventMulticaster.multicastEvent(SimpleApplicationEventMulticaster.java:138)
	at org.springframework.boot.context.event.EventPublishingRunListener.multicastInitialEvent(EventPublishingRunListener.java:136)
	at org.springframework.boot.context.event.EventPublishingRunListener.environmentPrepared(EventPublishingRunListener.java:81)
	at org.springframework.boot.SpringApplicationRunListeners.lambda$environmentPrepared$2(SpringApplicationRunListeners.java:64)
	at java.base/java.lang.Iterable.forEach(Iterable.java:75)
	at org.springframework.boot.SpringApplicationRunListeners.doWithListeners(SpringApplicationRunListeners.java:118)
	at org.springframework.boot.SpringApplicationRunListeners.doWithListeners(SpringApplicationRunListeners.java:112)
	at org.springframework.boot.SpringApplicationRunListeners.environmentPrepared(SpringApplicationRunListeners.java:63)
	at org.springframework.boot.SpringApplication.prepareEnvironment(SpringApplication.java:369)
	at org.springframework.boot.SpringApplication.run(SpringApplication.java:329)
	at org.springframework.boot.SpringApplication.run(SpringApplication.java:1354)
	at org.springframework.boot.SpringApplication.run(SpringApplication.java:1343)
	at com.login.SbLoggingApplication.main(SbLoggingApplication.java:10)
	at java.base/jdk.internal.reflect.NativeMethodAccessorImpl.invoke0(Native Method)
	at java.base/jdk.internal.reflect.NativeMethodAccessorImpl.invoke(NativeMethodAccessorImpl.java:77)
	at java.base/jdk.internal.reflect.DelegatingMethodAccessorImpl.invoke(DelegatingMethodAccessorImpl.java:43)
	at java.base/java.lang.reflect.Method.invoke(Method.java:568)
	at org.springframework.boot.devtools.restart.RestartLauncher.run(RestartLauncher.java:50)
Caused by: java.lang.IllegalStateException: Logback configuration error detected: 
ERROR in ch.qos.logback.core.ConsoleAppender[Console] - No encoder set for the appender named "Console".
	at org.springframework.boot.logging.logback.LogbackLoggingSystem.reportConfigurationErrorsIfNecessary(LogbackLoggingSystem.java:277)
	at org.springframework.boot.logging.logback.LogbackLoggingSystem.loadConfiguration(LogbackLoggingSystem.java:255)
	at org.springframework.boot.logging.logback.LogbackLoggingSystem.reinitialize(LogbackLoggingSystem.java:334)
	at org.springframework.boot.logging.AbstractLoggingSystem.initializeWithConventions(AbstractLoggingSystem.java:74)
	at org.springframework.boot.logging.AbstractLoggingSystem.initialize(AbstractLoggingSystem.java:61)
	at org.springframework.boot.logging.logback.LogbackLoggingSystem.initialize(LogbackLoggingSystem.java:189)
	at org.springframework.boot.context.logging.LoggingApplicationListener.initializeSystem(LoggingApplicationListener.java:332)
	... 24 common frames omitted
2024-02-24 11:45:19,792 [restartedMain] INFO  com.login.SbLoggingApplication - Starting SbLoggingApplication using Java 17.0.1 with PID 12726 (/home/manon/Documents/workspace-spring-tool-suite-4-4.13.0.RELEASE/sb_logging/target/classes started by manon in /home/manon/Documents/workspace-spring-tool-suite-4-4.13.0.RELEASE/sb_logging)
2024-02-24 11:45:19,800 [restartedMain] INFO  com.login.SbLoggingApplication - No active profile set, falling back to 1 default profile: "default"
2024-02-24 11:45:20,640 [restartedMain] INFO  o.s.b.w.e.tomcat.TomcatWebServer - Tomcat initialized with port 8081 (http)
2024-02-24 11:45:20,642 [restartedMain] INFO  o.a.coyote.http11.Http11NioProtocol - Initializing ProtocolHandler ["http-nio-8081"]
2024-02-24 11:45:20,643 [restartedMain] INFO  o.a.catalina.core.StandardService - Starting service [Tomcat]
2024-02-24 11:45:20,644 [restartedMain] INFO  o.a.catalina.core.StandardEngine - Starting Servlet engine: [Apache Tomcat/10.1.19]
2024-02-24 11:45:20,681 [restartedMain] INFO  o.a.c.c.C.[Tomcat].[localhost].[/] - Initializing Spring embedded WebApplicationContext
2024-02-24 11:45:20,682 [restartedMain] INFO  o.s.b.w.s.c.ServletWebServerApplicationContext - Root WebApplicationContext: initialization completed in 875 ms
2024-02-24 11:45:20,878 [restartedMain] INFO  o.s.b.d.a.OptionalLiveReloadServer - LiveReload server is running on port 35729
2024-02-24 11:45:20,894 [restartedMain] INFO  o.a.coyote.http11.Http11NioProtocol - Starting ProtocolHandler ["http-nio-8081"]
2024-02-24 11:45:20,899 [restartedMain] INFO  o.s.b.w.e.tomcat.TomcatWebServer - Tomcat started on port 8081 (http) with context path ''
2024-02-24 11:45:20,935 [restartedMain] INFO  com.login.SbLoggingApplication - Started SbLoggingApplication in 1.292 seconds (process running for 897.481)
2024-02-24 11:45:20,940 [restartedMain] INFO  o.s.b.d.a.ConditionEvaluationDeltaLoggingListener - Condition evaluation unchanged
2024-02-24 11:45:35,303 [File Watcher] INFO  o.s.b.d.a.LocalDevToolsAutoConfiguration$RestartingClassPathChangeChangedEventListener - Restarting due to 1 class path change (0 additions, 0 deletions, 1 modification)
2024-02-24 11:45:35,307 [Thread-7] INFO  o.a.coyote.http11.Http11NioProtocol - Stopping ProtocolHandler ["http-nio-8081"]
2024-02-24 11:45:35,558 [restartedMain] INFO  com.login.SbLoggingApplication - Starting SbLoggingApplication using Java 17.0.1 with PID 12726 (/home/manon/Documents/workspace-spring-tool-suite-4-4.13.0.RELEASE/sb_logging/target/classes started by manon in /home/manon/Documents/workspace-spring-tool-suite-4-4.13.0.RELEASE/sb_logging)
2024-02-24 11:45:35,559 [restartedMain] INFO  com.login.SbLoggingApplication - No active profile set, falling back to 1 default profile: "default"
2024-02-24 11:45:36,142 [restartedMain] INFO  o.s.b.w.e.tomcat.TomcatWebServer - Tomcat initialized with port 8081 (http)
2024-02-24 11:45:36,144 [restartedMain] INFO  o.a.coyote.http11.Http11NioProtocol - Initializing ProtocolHandler ["http-nio-8081"]
2024-02-24 11:45:36,145 [restartedMain] INFO  o.a.catalina.core.StandardService - Starting service [Tomcat]
2024-02-24 11:45:36,146 [restartedMain] INFO  o.a.catalina.core.StandardEngine - Starting Servlet engine: [Apache Tomcat/10.1.19]
2024-02-24 11:45:36,166 [restartedMain] INFO  o.a.c.c.C.[Tomcat].[localhost].[/] - Initializing Spring embedded WebApplicationContext
2024-02-24 11:45:36,168 [restartedMain] INFO  o.s.b.w.s.c.ServletWebServerApplicationContext - Root WebApplicationContext: initialization completed in 596 ms
2024-02-24 11:45:36,382 [restartedMain] INFO  o.s.b.d.a.OptionalLiveReloadServer - LiveReload server is running on port 35729
2024-02-24 11:45:36,396 [restartedMain] INFO  o.a.coyote.http11.Http11NioProtocol - Starting ProtocolHandler ["http-nio-8081"]
2024-02-24 11:45:36,402 [restartedMain] INFO  o.s.b.w.e.tomcat.TomcatWebServer - Tomcat started on port 8081 (http) with context path ''
2024-02-24 11:45:36,411 [restartedMain] INFO  com.login.SbLoggingApplication - Started SbLoggingApplication in 0.924 seconds (process running for 912.957)
2024-02-24 11:45:36,414 [restartedMain] INFO  o.s.b.d.a.ConditionEvaluationDeltaLoggingListener - Condition evaluation unchanged
2024-02-24 11:45:48,259 [http-nio-8081-exec-1] INFO  o.a.c.c.C.[Tomcat].[localhost].[/] - Initializing Spring DispatcherServlet 'dispatcherServlet'
2024-02-24 11:45:48,262 [http-nio-8081-exec-1] INFO  o.s.web.servlet.DispatcherServlet - Initializing Servlet 'dispatcherServlet'
2024-02-24 11:45:48,265 [http-nio-8081-exec-1] INFO  o.s.web.servlet.DispatcherServlet - Completed initialization in 1 ms
2024-02-24 11:45:48,465 [http-nio-8081-exec-1] INFO  com.login.MsgRestController - welcome msg started
2024-02-24 11:45:48,467 [http-nio-8081-exec-1] ERROR com.login.MsgRestController - this is error message / by zero
2024-02-24 11:45:48,468 [http-nio-8081-exec-1] INFO  com.login.MsgRestController - after message ended
2024-02-24 11:45:48,469 [http-nio-8081-exec-1] WARN  com.login.MsgRestController - this is warning message
2024-02-24 11:45:53,055 [http-nio-8081-exec-2] INFO  com.login.MsgRestController - welcome msg started
2024-02-24 11:45:53,056 [http-nio-8081-exec-2] ERROR com.login.MsgRestController - this is error message / by zero
2024-02-24 11:45:53,057 [http-nio-8081-exec-2] INFO  com.login.MsgRestController - after message ended
2024-02-24 11:45:53,057 [http-nio-8081-exec-2] WARN  com.login.MsgRestController - this is warning message
2024-02-24 13:32:27,426 [RMI TCP Connection(133)-127.0.0.1] INFO  o.s.b.a.SpringApplicationAdminMXBeanRegistrar$SpringApplicationAdmin - Application shutdown requested.
2024-02-24 13:32:27,430 [RMI TCP Connection(133)-127.0.0.1] INFO  o.a.coyote.http11.Http11NioProtocol - Stopping ProtocolHandler ["http-nio-8081"]
